Analysis & Synthesis report for monitor
Tue Jan 25 23:16:19 2022
Quartus Prime Version 20.1.0 Build 711 06/05/2020 SJ Standard Edition


---------------------
; Table of Contents ;
---------------------
  1. Legal Notice
  2. Analysis & Synthesis Summary
  3. Analysis & Synthesis Settings
  4. Parallel Compilation
  5. Analysis & Synthesis Source Files Read
  6. Analysis & Synthesis Resource Usage Summary
  7. Analysis & Synthesis Resource Utilization by Entity
  8. General Register Statistics
  9. Parameter Settings for User Entity Instance: Top-level Entity: |monitor
 10. Parameter Settings for User Entity Instance: monitor_fast:top
 11. Parameter Settings for User Entity Instance: monitor_fast:top|fifo:fifo_
 12. Port Connectivity Checks: "monitor_fast:top|fifo:fifo_"
 13. Post-Synthesis Netlist Statistics for Top Partition
 14. Elapsed Time Per Partition
 15. Analysis & Synthesis Messages



----------------
; Legal Notice ;
----------------
Copyright (C) 2020  Intel Corporation. All rights reserved.
Your use of Intel Corporation's design tools, logic functions 
and other software and tools, and any partner logic 
functions, and any output files from any of the foregoing 
(including device programming or simulation files), and any 
associated documentation or information are expressly subject 
to the terms and conditions of the Intel Program License 
Subscription Agreement, the Intel Quartus Prime License Agreement,
the Intel FPGA IP License Agreement, or other applicable license
agreement, including, without limitation, that your use is for
the sole purpose of programming logic devices manufactured by
Intel and sold by Intel or its authorized distributors.  Please
refer to the applicable agreement for further details, at
https://fpgasoftware.intel.com/eula.



+--------------------------------------------------------------------------------------+
; Analysis & Synthesis Summary                                                         ;
+------------------------------------+-------------------------------------------------+
; Analysis & Synthesis Status        ; Successful - Tue Jan 25 23:16:19 2022           ;
; Quartus Prime Version              ; 20.1.0 Build 711 06/05/2020 SJ Standard Edition ;
; Revision Name                      ; monitor                                         ;
; Top-level Entity Name              ; monitor                                         ;
; Family                             ; MAX 10                                          ;
; Total logic elements               ; 85                                              ;
;     Total combinational functions  ; 84                                              ;
;     Dedicated logic registers      ; 73                                              ;
; Total registers                    ; 73                                              ;
; Total pins                         ; 3                                               ;
; Total virtual pins                 ; 66                                              ;
; Total memory bits                  ; 0                                               ;
; Embedded Multiplier 9-bit elements ; 0                                               ;
; Total PLLs                         ; 0                                               ;
; UFM blocks                         ; 0                                               ;
; ADC blocks                         ; 0                                               ;
+------------------------------------+-------------------------------------------------+


+------------------------------------------------------------------------------------------------------------+
; Analysis & Synthesis Settings                                                                              ;
+------------------------------------------------------------------+--------------------+--------------------+
; Option                                                           ; Setting            ; Default Value      ;
+------------------------------------------------------------------+--------------------+--------------------+
; Device                                                           ; 10M08DAF484C8G     ;                    ;
; Top-level entity name                                            ; monitor            ; monitor            ;
; Family name                                                      ; MAX 10             ; Cyclone V          ;
; Use smart compilation                                            ; Off                ; Off                ;
; Enable parallel Assembler and Timing Analyzer during compilation ; On                 ; On                 ;
; Enable compact report table                                      ; Off                ; Off                ;
; Restructure Multiplexers                                         ; Auto               ; Auto               ;
; Create Debugging Nodes for IP Cores                              ; Off                ; Off                ;
; Preserve fewer node names                                        ; On                 ; On                 ;
; Intel FPGA IP Evaluation Mode                                    ; Enable             ; Enable             ;
; Verilog Version                                                  ; Verilog_2001       ; Verilog_2001       ;
; VHDL Version                                                     ; VHDL_1993          ; VHDL_1993          ;
; State Machine Processing                                         ; Auto               ; Auto               ;
; Safe State Machine                                               ; Off                ; Off                ;
; Extract Verilog State Machines                                   ; On                 ; On                 ;
; Extract VHDL State Machines                                      ; On                 ; On                 ;
; Ignore Verilog initial constructs                                ; Off                ; Off                ;
; Iteration limit for constant Verilog loops                       ; 5000               ; 5000               ;
; Iteration limit for non-constant Verilog loops                   ; 250                ; 250                ;
; Add Pass-Through Logic to Inferred RAMs                          ; On                 ; On                 ;
; Infer RAMs from Raw Logic                                        ; On                 ; On                 ;
; Parallel Synthesis                                               ; On                 ; On                 ;
; DSP Block Balancing                                              ; Auto               ; Auto               ;
; NOT Gate Push-Back                                               ; On                 ; On                 ;
; Power-Up Don't Care                                              ; On                 ; On                 ;
; Remove Redundant Logic Cells                                     ; Off                ; Off                ;
; Remove Duplicate Registers                                       ; On                 ; On                 ;
; Ignore CARRY Buffers                                             ; Off                ; Off                ;
; Ignore CASCADE Buffers                                           ; Off                ; Off                ;
; Ignore GLOBAL Buffers                                            ; Off                ; Off                ;
; Ignore ROW GLOBAL Buffers                                        ; Off                ; Off                ;
; Ignore LCELL Buffers                                             ; Off                ; Off                ;
; Ignore SOFT Buffers                                              ; On                 ; On                 ;
; Limit AHDL Integers to 32 Bits                                   ; Off                ; Off                ;
; Optimization Technique                                           ; Balanced           ; Balanced           ;
; Carry Chain Length                                               ; 70                 ; 70                 ;
; Auto Carry Chains                                                ; On                 ; On                 ;
; Auto Open-Drain Pins                                             ; On                 ; On                 ;
; Perform WYSIWYG Primitive Resynthesis                            ; Off                ; Off                ;
; Auto ROM Replacement                                             ; On                 ; On                 ;
; Auto RAM Replacement                                             ; On                 ; On                 ;
; Auto DSP Block Replacement                                       ; On                 ; On                 ;
; Auto Shift Register Replacement                                  ; Auto               ; Auto               ;
; Allow Shift Register Merging across Hierarchies                  ; Auto               ; Auto               ;
; Auto Clock Enable Replacement                                    ; On                 ; On                 ;
; Strict RAM Replacement                                           ; Off                ; Off                ;
; Allow Synchronous Control Signals                                ; On                 ; On                 ;
; Force Use of Synchronous Clear Signals                           ; Off                ; Off                ;
; Auto RAM Block Balancing                                         ; On                 ; On                 ;
; Auto RAM to Logic Cell Conversion                                ; Off                ; Off                ;
; Auto Resource Sharing                                            ; Off                ; Off                ;
; Allow Any RAM Size For Recognition                               ; Off                ; Off                ;
; Allow Any ROM Size For Recognition                               ; Off                ; Off                ;
; Allow Any Shift Register Size For Recognition                    ; Off                ; Off                ;
; Use LogicLock Constraints during Resource Balancing              ; On                 ; On                 ;
; Ignore translate_off and synthesis_off directives                ; Off                ; Off                ;
; Timing-Driven Synthesis                                          ; On                 ; On                 ;
; Report Parameter Settings                                        ; On                 ; On                 ;
; Report Source Assignments                                        ; On                 ; On                 ;
; Report Connectivity Checks                                       ; On                 ; On                 ;
; Ignore Maximum Fan-Out Assignments                               ; Off                ; Off                ;
; Synchronization Register Chain Length                            ; 2                  ; 2                  ;
; Power Optimization During Synthesis                              ; Normal compilation ; Normal compilation ;
; HDL message level                                                ; Level2             ; Level2             ;
; Suppress Register Optimization Related Messages                  ; Off                ; Off                ;
; Number of Removed Registers Reported in Synthesis Report         ; 5000               ; 5000               ;
; Number of Swept Nodes Reported in Synthesis Report               ; 5000               ; 5000               ;
; Number of Inverted Registers Reported in Synthesis Report        ; 100                ; 100                ;
; Clock MUX Protection                                             ; On                 ; On                 ;
; Auto Gated Clock Conversion                                      ; Off                ; Off                ;
; Block Design Naming                                              ; Auto               ; Auto               ;
; SDC constraint protection                                        ; Off                ; Off                ;
; Synthesis Effort                                                 ; Auto               ; Auto               ;
; Shift Register Replacement - Allow Asynchronous Clear Signal     ; On                 ; On                 ;
; Pre-Mapping Resynthesis Optimization                             ; Off                ; Off                ;
; Analysis & Synthesis Message Level                               ; Medium             ; Medium             ;
; Disable Register Merging Across Hierarchies                      ; Auto               ; Auto               ;
; Resource Aware Inference For Block RAM                           ; On                 ; On                 ;
+------------------------------------------------------------------+--------------------+--------------------+


+------------------------------------------+
; Parallel Compilation                     ;
+----------------------------+-------------+
; Processors                 ; Number      ;
+----------------------------+-------------+
; Number detected on machine ; 24          ;
; Maximum allowed            ; 12          ;
;                            ;             ;
; Average used               ; 1.00        ;
; Maximum used               ; 12          ;
;                            ;             ;
; Usage by Processor         ; % Time Used ;
;     Processor 1            ; 100.0%      ;
;     Processor 2            ;   0.0%      ;
;     Processors 3-12        ;   0.0%      ;
+----------------------------+-------------+


+----------------------------------------------------------------------------------------------------------------------------------------------------------------------------------------------+
; Analysis & Synthesis Source Files Read                                                                                                                                                       ;
+----------------------------------+-----------------+------------------------------+------------------------------------------------------------------------------------------------+---------+
; File Name with User-Entered Path ; Used in Netlist ; File Type                    ; File Name with Absolute Path                                                                   ; Library ;
+----------------------------------+-----------------+------------------------------+------------------------------------------------------------------------------------------------+---------+
; src/monitor.sv                   ; yes             ; User SystemVerilog HDL File  ; /home/UFAD/gstitt/repos/intel-training-modules/timing/examples/multicycle_paths/src/monitor.sv ;         ;
+----------------------------------+-----------------+------------------------------+------------------------------------------------------------------------------------------------+---------+


+---------------------------------------------------------+
; Analysis & Synthesis Resource Usage Summary             ;
+---------------------------------------------+-----------+
; Resource                                    ; Usage     ;
+---------------------------------------------+-----------+
; Estimated Total logic elements              ; 85        ;
;                                             ;           ;
; Total combinational functions               ; 84        ;
; Logic element usage by number of LUT inputs ;           ;
;     -- 4 input functions                    ; 3         ;
;     -- 3 input functions                    ; 8         ;
;     -- <=2 input functions                  ; 73        ;
;                                             ;           ;
; Logic elements by mode                      ;           ;
;     -- normal mode                          ; 10        ;
;     -- arithmetic mode                      ; 74        ;
;                                             ;           ;
; Total registers                             ; 73        ;
;     -- Dedicated logic registers            ; 73        ;
;     -- I/O registers                        ; 0         ;
;                                             ;           ;
; Virtual pins                                ; 66        ;
; I/O pins                                    ; 3         ;
;                                             ;           ;
; Embedded Multiplier 9-bit elements          ; 0         ;
;                                             ;           ;
; Maximum fan-out node                        ; clk~input ;
; Maximum fan-out                             ; 73        ;
; Total fan-out                               ; 532       ;
; Average fan-out                             ; 2.32      ;
+---------------------------------------------+-----------+


+------------------------------------------------------------------------------------------------------------------------------------------------------------------------------------------------------------------------------------------------------+
; Analysis & Synthesis Resource Utilization by Entity                                                                                                                                                                                                  ;
+----------------------------+---------------------+---------------------------+-------------+------------+--------------+---------+-----------+------+--------------+------------+--------------------------------------+--------------+--------------+
; Compilation Hierarchy Node ; Combinational ALUTs ; Dedicated Logic Registers ; Memory Bits ; UFM Blocks ; DSP Elements ; DSP 9x9 ; DSP 18x18 ; Pins ; Virtual Pins ; ADC blocks ; Full Hierarchy Name                  ; Entity Name  ; Library Name ;
+----------------------------+---------------------+---------------------------+-------------+------------+--------------+---------+-----------+------+--------------+------------+--------------------------------------+--------------+--------------+
; |monitor                   ; 84 (0)              ; 73 (0)                    ; 0           ; 0          ; 0            ; 0       ; 0         ; 3    ; 66           ; 0          ; |monitor                             ; monitor      ; work         ;
;    |monitor_fast:top|      ; 84 (65)             ; 73 (66)                   ; 0           ; 0          ; 0            ; 0       ; 0         ; 0    ; 0            ; 0          ; |monitor|monitor_fast:top            ; monitor_fast ; work         ;
;       |fifo:fifo_|         ; 19 (19)             ; 7 (7)                     ; 0           ; 0          ; 0            ; 0       ; 0         ; 0    ; 0            ; 0          ; |monitor|monitor_fast:top|fifo:fifo_ ; fifo         ; work         ;
+----------------------------+---------------------+---------------------------+-------------+------------+--------------+---------+-----------+------+--------------+------------+--------------------------------------+--------------+--------------+
Note: For table entries with two numbers listed, the numbers in parentheses indicate the number of resources of the given type used by the specific entity alone. The numbers listed outside of parentheses indicate the total resources of the given type used by the specific entity and all of its sub-entities in the hierarchy.


+------------------------------------------------------+
; General Register Statistics                          ;
+----------------------------------------------+-------+
; Statistic                                    ; Value ;
+----------------------------------------------+-------+
; Total registers                              ; 73    ;
; Number of registers using Synchronous Clear  ; 1     ;
; Number of registers using Synchronous Load   ; 0     ;
; Number of registers using Asynchronous Clear ; 72    ;
; Number of registers using Asynchronous Load  ; 0     ;
; Number of registers using Clock Enable       ; 64    ;
; Number of registers using Preset             ; 0     ;
+----------------------------------------------+-------+


+-------------------------------------------------------------------------+
; Parameter Settings for User Entity Instance: Top-level Entity: |monitor ;
+----------------+-------+------------------------------------------------+
; Parameter Name ; Value ; Type                                           ;
+----------------+-------+------------------------------------------------+
; DATA_WIDTH     ; 8     ; Signed Integer                                 ;
; COUNTER_WIDTH  ; 64    ; Signed Integer                                 ;
+----------------+-------+------------------------------------------------+
Note: In order to hide this table in the UI and the text report file, please set the "Show Parameter Settings in Synthesis Report" option in "Analysis and Synthesis Settings -> More Settings" to "Off".


+---------------------------------------------------------------+
; Parameter Settings for User Entity Instance: monitor_fast:top ;
+----------------+-------+--------------------------------------+
; Parameter Name ; Value ; Type                                 ;
+----------------+-------+--------------------------------------+
; DATA_WIDTH     ; 8     ; Signed Integer                       ;
; COUNTER_WIDTH  ; 64    ; Signed Integer                       ;
+----------------+-------+--------------------------------------+
Note: In order to hide this table in the UI and the text report file, please set the "Show Parameter Settings in Synthesis Report" option in "Analysis and Synthesis Settings -> More Settings" to "Off".


+--------------------------------------------------------------------------+
; Parameter Settings for User Entity Instance: monitor_fast:top|fifo:fifo_ ;
+----------------+-------+-------------------------------------------------+
; Parameter Name ; Value ; Type                                            ;
+----------------+-------+-------------------------------------------------+
; WIDTH          ; 1     ; Signed Integer                                  ;
; DEPTH          ; 64    ; Signed Integer                                  ;
+----------------+-------+-------------------------------------------------+
Note: In order to hide this table in the UI and the text report file, please set the "Show Parameter Settings in Synthesis Report" option in "Analysis and Synthesis Settings -> More Settings" to "Off".


+-------------------------------------------------------------------------------------------------------------------+
; Port Connectivity Checks: "monitor_fast:top|fifo:fifo_"                                                           ;
+---------+--------+----------+-------------------------------------------------------------------------------------+
; Port    ; Type   ; Severity ; Details                                                                             ;
+---------+--------+----------+-------------------------------------------------------------------------------------+
; wr_data ; Input  ; Info     ; Stuck at VCC                                                                        ;
; count   ; Output ; Info     ; Connected to dangling logic. Logic that only feeds a dangling port will be removed. ;
; rd_data ; Output ; Info     ; Explicitly unconnected                                                              ;
+---------+--------+----------+-------------------------------------------------------------------------------------+


+-----------------------------------------------------+
; Post-Synthesis Netlist Statistics for Top Partition ;
+-----------------------+-----------------------------+
; Type                  ; Count                       ;
+-----------------------+-----------------------------+
; boundary_port         ; 69                          ;
; cycloneiii_ff         ; 73                          ;
;     CLR               ; 8                           ;
;     CLR SCLR          ; 1                           ;
;     ENA               ; 1                           ;
;     ENA CLR           ; 63                          ;
; cycloneiii_lcell_comb ; 85                          ;
;     arith             ; 74                          ;
;         2 data inputs ; 66                          ;
;         3 data inputs ; 8                           ;
;     normal            ; 11                          ;
;         1 data inputs ; 3                           ;
;         2 data inputs ; 5                           ;
;         4 data inputs ; 3                           ;
;                       ;                             ;
; Max LUT depth         ; 7.20                        ;
; Average LUT depth     ; 5.06                        ;
+-----------------------+-----------------------------+


+-------------------------------+
; Elapsed Time Per Partition    ;
+----------------+--------------+
; Partition Name ; Elapsed Time ;
+----------------+--------------+
; Top            ; 00:00:01     ;
+----------------+--------------+


+-------------------------------+
; Analysis & Synthesis Messages ;
+-------------------------------+
Info: *******************************************************************
Info: Running Quartus Prime Analysis & Synthesis
    Info: Version 20.1.0 Build 711 06/05/2020 SJ Standard Edition
    Info: Processing started: Tue Jan 25 23:16:07 2022
Info: Command: quartus_map --read_settings_files=on --write_settings_files=off monitor -c monitor
Warning (18236): Number of processors has not been specified which may cause overloading on shared machines.  Set the global assignment NUM_PARALLEL_PROCESSORS in your QSF to an appropriate value for best performance.
Info (20030): Parallel compilation is enabled and will use 12 of the 12 processors detected
Info (12021): Found 4 design units, including 4 entities, in source file src/monitor.sv
    Info (12023): Found entity 1: fifo File: /home/UFAD/gstitt/repos/intel-training-modules/timing/examples/multicycle_paths/src/monitor.sv Line: 4
    Info (12023): Found entity 2: monitor_slow File: /home/UFAD/gstitt/repos/intel-training-modules/timing/examples/multicycle_paths/src/monitor.sv Line: 55
    Info (12023): Found entity 3: monitor_fast File: /home/UFAD/gstitt/repos/intel-training-modules/timing/examples/multicycle_paths/src/monitor.sv Line: 88
    Info (12023): Found entity 4: monitor File: /home/UFAD/gstitt/repos/intel-training-modules/timing/examples/multicycle_paths/src/monitor.sv Line: 146
Info (12127): Elaborating entity "monitor" for the top level hierarchy
Info (12128): Elaborating entity "monitor_fast" for hierarchy "monitor_fast:top" File: /home/UFAD/gstitt/repos/intel-training-modules/timing/examples/multicycle_paths/src/monitor.sv Line: 161
Info (12128): Elaborating entity "fifo" for hierarchy "monitor_fast:top|fifo:fifo_" File: /home/UFAD/gstitt/repos/intel-training-modules/timing/examples/multicycle_paths/src/monitor.sv Line: 113
Info (286030): Timing-Driven Synthesis is running
Info (16010): Generating hard_block partition "hard_block:auto_generated_inst"
    Info (16011): Adding 0 node(s), including 0 DDIO, 0 PLL, 0 transceiver and 0 LCELL
Info (15717): Design contains 66 virtual pins; timing numbers associated with paths containing virtual pins are estimates
    Info (15719): Pin "ready" is virtual output pin File: /home/UFAD/gstitt/repos/intel-training-modules/timing/examples/multicycle_paths/src/monitor.sv Line: 155
    Info (15719): Pin "count[0]" is virtual output pin File: /home/UFAD/gstitt/repos/intel-training-modules/timing/examples/multicycle_paths/src/monitor.sv Line: 156
    Info (15719): Pin "count[1]" is virtual output pin File: /home/UFAD/gstitt/repos/intel-training-modules/timing/examples/multicycle_paths/src/monitor.sv Line: 156
    Info (15719): Pin "count[2]" is virtual output pin File: /home/UFAD/gstitt/repos/intel-training-modules/timing/examples/multicycle_paths/src/monitor.sv Line: 156
    Info (15719): Pin "count[3]" is virtual output pin File: /home/UFAD/gstitt/repos/intel-training-modules/timing/examples/multicycle_paths/src/monitor.sv Line: 156
    Info (15719): Pin "count[4]" is virtual output pin File: /home/UFAD/gstitt/repos/intel-training-modules/timing/examples/multicycle_paths/src/monitor.sv Line: 156
    Info (15719): Pin "count[5]" is virtual output pin File: /home/UFAD/gstitt/repos/intel-training-modules/timing/examples/multicycle_paths/src/monitor.sv Line: 156
    Info (15719): Pin "count[6]" is virtual output pin File: /home/UFAD/gstitt/repos/intel-training-modules/timing/examples/multicycle_paths/src/monitor.sv Line: 156
    Info (15719): Pin "count[7]" is virtual output pin File: /home/UFAD/gstitt/repos/intel-training-modules/timing/examples/multicycle_paths/src/monitor.sv Line: 156
    Info (15719): Pin "count[8]" is virtual output pin File: /home/UFAD/gstitt/repos/intel-training-modules/timing/examples/multicycle_paths/src/monitor.sv Line: 156
    Info (15719): Pin "count[9]" is virtual output pin File: /home/UFAD/gstitt/repos/intel-training-modules/timing/examples/multicycle_paths/src/monitor.sv Line: 156
    Info (15719): Pin "count[10]" is virtual output pin File: /home/UFAD/gstitt/repos/intel-training-modules/timing/examples/multicycle_paths/src/monitor.sv Line: 156
    Info (15719): Pin "count[11]" is virtual output pin File: /home/UFAD/gstitt/repos/intel-training-modules/timing/examples/multicycle_paths/src/monitor.sv Line: 156
    Info (15719): Pin "count[12]" is virtual output pin File: /home/UFAD/gstitt/repos/intel-training-modules/timing/examples/multicycle_paths/src/monitor.sv Line: 156
    Info (15719): Pin "count[13]" is virtual output pin File: /home/UFAD/gstitt/repos/intel-training-modules/timing/examples/multicycle_paths/src/monitor.sv Line: 156
    Info (15719): Pin "count[14]" is virtual output pin File: /home/UFAD/gstitt/repos/intel-training-modules/timing/examples/multicycle_paths/src/monitor.sv Line: 156
    Info (15719): Pin "count[15]" is virtual output pin File: /home/UFAD/gstitt/repos/intel-training-modules/timing/examples/multicycle_paths/src/monitor.sv Line: 156
    Info (15719): Pin "count[16]" is virtual output pin File: /home/UFAD/gstitt/repos/intel-training-modules/timing/examples/multicycle_paths/src/monitor.sv Line: 156
    Info (15719): Pin "count[17]" is virtual output pin File: /home/UFAD/gstitt/repos/intel-training-modules/timing/examples/multicycle_paths/src/monitor.sv Line: 156
    Info (15719): Pin "count[18]" is virtual output pin File: /home/UFAD/gstitt/repos/intel-training-modules/timing/examples/multicycle_paths/src/monitor.sv Line: 156
    Info (15719): Pin "count[19]" is virtual output pin File: /home/UFAD/gstitt/repos/intel-training-modules/timing/examples/multicycle_paths/src/monitor.sv Line: 156
    Info (15719): Pin "count[20]" is virtual output pin File: /home/UFAD/gstitt/repos/intel-training-modules/timing/examples/multicycle_paths/src/monitor.sv Line: 156
    Info (15719): Pin "count[21]" is virtual output pin File: /home/UFAD/gstitt/repos/intel-training-modules/timing/examples/multicycle_paths/src/monitor.sv Line: 156
    Info (15719): Pin "count[22]" is virtual output pin File: /home/UFAD/gstitt/repos/intel-training-modules/timing/examples/multicycle_paths/src/monitor.sv Line: 156
    Info (15719): Pin "count[23]" is virtual output pin File: /home/UFAD/gstitt/repos/intel-training-modules/timing/examples/multicycle_paths/src/monitor.sv Line: 156
    Info (15719): Pin "count[24]" is virtual output pin File: /home/UFAD/gstitt/repos/intel-training-modules/timing/examples/multicycle_paths/src/monitor.sv Line: 156
    Info (15719): Pin "count[25]" is virtual output pin File: /home/UFAD/gstitt/repos/intel-training-modules/timing/examples/multicycle_paths/src/monitor.sv Line: 156
    Info (15719): Pin "count[26]" is virtual output pin File: /home/UFAD/gstitt/repos/intel-training-modules/timing/examples/multicycle_paths/src/monitor.sv Line: 156
    Info (15719): Pin "count[27]" is virtual output pin File: /home/UFAD/gstitt/repos/intel-training-modules/timing/examples/multicycle_paths/src/monitor.sv Line: 156
    Info (15719): Pin "count[28]" is virtual output pin File: /home/UFAD/gstitt/repos/intel-training-modules/timing/examples/multicycle_paths/src/monitor.sv Line: 156
    Info (15719): Pin "count[29]" is virtual output pin File: /home/UFAD/gstitt/repos/intel-training-modules/timing/examples/multicycle_paths/src/monitor.sv Line: 156
    Info (15719): Pin "count[30]" is virtual output pin File: /home/UFAD/gstitt/repos/intel-training-modules/timing/examples/multicycle_paths/src/monitor.sv Line: 156
    Info (15719): Pin "count[31]" is virtual output pin File: /home/UFAD/gstitt/repos/intel-training-modules/timing/examples/multicycle_paths/src/monitor.sv Line: 156
    Info (15719): Pin "count[32]" is virtual output pin File: /home/UFAD/gstitt/repos/intel-training-modules/timing/examples/multicycle_paths/src/monitor.sv Line: 156
    Info (15719): Pin "count[33]" is virtual output pin File: /home/UFAD/gstitt/repos/intel-training-modules/timing/examples/multicycle_paths/src/monitor.sv Line: 156
    Info (15719): Pin "count[34]" is virtual output pin File: /home/UFAD/gstitt/repos/intel-training-modules/timing/examples/multicycle_paths/src/monitor.sv Line: 156
    Info (15719): Pin "count[35]" is virtual output pin File: /home/UFAD/gstitt/repos/intel-training-modules/timing/examples/multicycle_paths/src/monitor.sv Line: 156
    Info (15719): Pin "count[36]" is virtual output pin File: /home/UFAD/gstitt/repos/intel-training-modules/timing/examples/multicycle_paths/src/monitor.sv Line: 156
    Info (15719): Pin "count[37]" is virtual output pin File: /home/UFAD/gstitt/repos/intel-training-modules/timing/examples/multicycle_paths/src/monitor.sv Line: 156
    Info (15719): Pin "count[38]" is virtual output pin File: /home/UFAD/gstitt/repos/intel-training-modules/timing/examples/multicycle_paths/src/monitor.sv Line: 156
    Info (15719): Pin "count[39]" is virtual output pin File: /home/UFAD/gstitt/repos/intel-training-modules/timing/examples/multicycle_paths/src/monitor.sv Line: 156
    Info (15719): Pin "count[40]" is virtual output pin File: /home/UFAD/gstitt/repos/intel-training-modules/timing/examples/multicycle_paths/src/monitor.sv Line: 156
    Info (15719): Pin "count[41]" is virtual output pin File: /home/UFAD/gstitt/repos/intel-training-modules/timing/examples/multicycle_paths/src/monitor.sv Line: 156
    Info (15719): Pin "count[42]" is virtual output pin File: /home/UFAD/gstitt/repos/intel-training-modules/timing/examples/multicycle_paths/src/monitor.sv Line: 156
    Info (15719): Pin "count[43]" is virtual output pin File: /home/UFAD/gstitt/repos/intel-training-modules/timing/examples/multicycle_paths/src/monitor.sv Line: 156
    Info (15719): Pin "count[44]" is virtual output pin File: /home/UFAD/gstitt/repos/intel-training-modules/timing/examples/multicycle_paths/src/monitor.sv Line: 156
    Info (15719): Pin "count[45]" is virtual output pin File: /home/UFAD/gstitt/repos/intel-training-modules/timing/examples/multicycle_paths/src/monitor.sv Line: 156
    Info (15719): Pin "count[46]" is virtual output pin File: /home/UFAD/gstitt/repos/intel-training-modules/timing/examples/multicycle_paths/src/monitor.sv Line: 156
    Info (15719): Pin "count[47]" is virtual output pin File: /home/UFAD/gstitt/repos/intel-training-modules/timing/examples/multicycle_paths/src/monitor.sv Line: 156
    Info (15719): Pin "count[48]" is virtual output pin File: /home/UFAD/gstitt/repos/intel-training-modules/timing/examples/multicycle_paths/src/monitor.sv Line: 156
    Info (15719): Pin "count[49]" is virtual output pin File: /home/UFAD/gstitt/repos/intel-training-modules/timing/examples/multicycle_paths/src/monitor.sv Line: 156
    Info (15719): Pin "count[50]" is virtual output pin File: /home/UFAD/gstitt/repos/intel-training-modules/timing/examples/multicycle_paths/src/monitor.sv Line: 156
    Info (15719): Pin "count[51]" is virtual output pin File: /home/UFAD/gstitt/repos/intel-training-modules/timing/examples/multicycle_paths/src/monitor.sv Line: 156
    Info (15719): Pin "count[52]" is virtual output pin File: /home/UFAD/gstitt/repos/intel-training-modules/timing/examples/multicycle_paths/src/monitor.sv Line: 156
    Info (15719): Pin "count[53]" is virtual output pin File: /home/UFAD/gstitt/repos/intel-training-modules/timing/examples/multicycle_paths/src/monitor.sv Line: 156
    Info (15719): Pin "count[54]" is virtual output pin File: /home/UFAD/gstitt/repos/intel-training-modules/timing/examples/multicycle_paths/src/monitor.sv Line: 156
    Info (15719): Pin "count[55]" is virtual output pin File: /home/UFAD/gstitt/repos/intel-training-modules/timing/examples/multicycle_paths/src/monitor.sv Line: 156
    Info (15719): Pin "count[56]" is virtual output pin File: /home/UFAD/gstitt/repos/intel-training-modules/timing/examples/multicycle_paths/src/monitor.sv Line: 156
    Info (15719): Pin "count[57]" is virtual output pin File: /home/UFAD/gstitt/repos/intel-training-modules/timing/examples/multicycle_paths/src/monitor.sv Line: 156
    Info (15719): Pin "count[58]" is virtual output pin File: /home/UFAD/gstitt/repos/intel-training-modules/timing/examples/multicycle_paths/src/monitor.sv Line: 156
    Info (15719): Pin "count[59]" is virtual output pin File: /home/UFAD/gstitt/repos/intel-training-modules/timing/examples/multicycle_paths/src/monitor.sv Line: 156
    Info (15719): Pin "count[60]" is virtual output pin File: /home/UFAD/gstitt/repos/intel-training-modules/timing/examples/multicycle_paths/src/monitor.sv Line: 156
    Info (15719): Pin "count[61]" is virtual output pin File: /home/UFAD/gstitt/repos/intel-training-modules/timing/examples/multicycle_paths/src/monitor.sv Line: 156
    Info (15719): Pin "count[62]" is virtual output pin File: /home/UFAD/gstitt/repos/intel-training-modules/timing/examples/multicycle_paths/src/monitor.sv Line: 156
    Info (15719): Pin "count[63]" is virtual output pin File: /home/UFAD/gstitt/repos/intel-training-modules/timing/examples/multicycle_paths/src/monitor.sv Line: 156
    Info (15718): Pin "en" is virtual input pin File: /home/UFAD/gstitt/repos/intel-training-modules/timing/examples/multicycle_paths/src/monitor.sv Line: 154
Info (21057): Implemented 154 device resources after synthesis - the final resource count might be different
    Info (21058): Implemented 2 input pins
    Info (21059): Implemented 1 output pins
    Info (21061): Implemented 151 logic cells
Info: Quartus Prime Analysis & Synthesis was successful. 0 errors, 1 warning
    Info: Peak virtual memory: 653 megabytes
    Info: Processing ended: Tue Jan 25 23:16:19 2022
    Info: Elapsed time: 00:00:12
    Info: Total CPU time (on all processors): 00:00:18


